<?xml version="1.0" encoding="UTF-8"?>
<testsuite name="TestSuite" time="11.317" tests="1" errors="0" skipped="0" failures="0">
  <properties>
    <property name="PROCESSOR_ARCHITECTURE" value="AMD64"/>
    <property name="LOGONSERVER" value="\\DESKTOP-H0PI4DT"/>
    <property name="ProgramData" value="C:\ProgramData"/>
    <property name="java.home" value="C:\Program Files\Java\jdk-11.0.14"/>
    <property name="NODE_NAME" value="master"/>
    <property name="JENKINS_URL" value="http://localhost:9191/"/>
    <property name="ALLUSERSPROFILE" value="C:\ProgramData"/>
    <property name="PSModulePath" value="C:\Program Files\WindowsPowerShell\Modules;C:\WINDOWS\system32\WindowsPowerShell\v1.0\Modules"/>
    <property name="=::" value="::\"/>
    <property name="USERDOMAIN" value="DESKTOP-H0PI4DT"/>
    <property name="sun.os.patch.level" value=""/>
    <property name="java.vendor.url" value="https://openjdk.java.net/"/>
    <property name="CommonProgramFiles(x86)" value="C:\Program Files (x86)\Common Files"/>
    <property name="java.version" value="11.0.14"/>
    <property name="JOB_NAME" value="SeleniumAutomation_June2022_afternoonbatch"/>
    <property name="COMPUTERNAME" value="DESKTOP-H0PI4DT"/>
    <property name="ANDROID_HOME" value="C:\Users\Act\AppData\Local\Android\Sdk"/>
    <property name="java.vendor.url.bug" value="https://bugreport.java.com/bugreport/"/>
    <property name="PUBLIC" value="C:\Users\Public"/>
    <property name="java.version.date" value="2022-01-18"/>
    <property name="jdk.debug" value="release"/>
    <property name="ChocolateyLastPathUpdate" value="132820358872531990"/>
    <property name="user.name" value="Act"/>
    <property name="sun.io.unicode.encoding" value="UnicodeLittle"/>
    <property name="sun.jnu.encoding" value="Cp1252"/>
    <property name="java.runtime.name" value="Java(TM) SE Runtime Environment"/>
    <property name="windir" value="C:\WINDOWS"/>
    <property name="PROCESSOR_IDENTIFIER" value="Intel64 Family 6 Model 78 Stepping 3, GenuineIntel"/>
    <property name="IntelliJ IDEA Community Edition" value="D:\InstalledApps\JetBrains\IntelliJ IDEA Community Edition 2021.3.2\bin;"/>
    <property name="java.specification.name" value="Java Platform API Specification"/>
    <property name="LOCALAPPDATA" value="C:\Users\Act\AppData\Local"/>
    <property name="RUN_CHANGES_DISPLAY_URL" value="http://localhost:9191/job/SeleniumAutomation_June2022_afternoonbatch/8/display/redirect?page=changes"/>
    <property name="user.timezone" value="Asia/Calcutta"/>
    <property name="user.script" value=""/>
    <property name="path.separator" value=";"/>
    <property name="NUMBER_OF_PROCESSORS" value="4"/>
    <property name="BUILD_TAG" value="jenkins-SeleniumAutomation_June2022_afternoonbatch-8"/>
    <property name="file.encoding" value="Cp1252"/>
    <property name="sun.java.command" value="jenkins.maven3.agent.Maven35Main C:\Users\Act\.jenkins\tools\hudson.tasks.Maven_MavenInstallation\maven3 C:\Users\Act\.jenkins\war\WEB-INF\lib\remoting-4.7.jar C:\Users\Act\.jenkins\plugins\maven-plugin\WEB-INF\lib\maven35-interceptor-1.13.jar C:\Users\Act\.jenkins\plugins\maven-plugin\WEB-INF\lib\maven3-interceptor-commons-1.13.jar 54675"/>
    <property name="HUDSON_URL" value="http://localhost:9191/"/>
    <property name="JENKINS_SERVER_COOKIE" value="15f686def63722da"/>
    <property name="=D:" value="D:\download_tool\jenkins"/>
    <property name="EXECUTOR_NUMBER" value="1"/>
    <property name="Path" value="C:\Program Files\Common Files\Oracle\Java\javapath;D:\InstalledApps\Anaconda3;D:\InstalledApps\Anaconda3\Library\mingw-w64\bin;D:\InstalledApps\Anaconda3\Library\usr\bin;D:\InstalledApps\Anaconda3\Library\bin;D:\InstalledApps\Anaconda3\Scripts;C:\WINDOWS\system32;C:\WINDOWS;C:\WINDOWS\System32\Wbem;C:\WINDOWS\System32\WindowsPowerShell\v1.0\;C:\WINDOWS\System32\OpenSSH\;D:\InstalledApps\nodes\;C:\ProgramData\chocolatey\bin;C:\Python310\;D:\InstalledApps\nodes;C:\Users\Act\AppData\Local\Android\Sdk\platform-tools;C:\Users\Act\AppData\Local\Android\Sdk\tools;C:\Users\Act\AppData\Local\Android\Sdk\tools\bin;C:\Program Files\Java\jdk-11.0.14\bin;C:\Program Files\Git\cmd;C:\Program Files\Git\bin;D:\download_tool\VSCode-win32-x64-1.67.1_latest;C:\Users\Act\AppData\Roaming\npm\node_modules\gauge;D:\download_tool\apache-maven-3.8.6\bin;C:\Program Files\PostgreSQL\11\bin;C:\Program Files\MySQL\MySQL Shell 8.0\bin\;C:\Users\Act\AppData\Local\Microsoft\WindowsApps;C:\Users\Act\AppData\Roaming\npm;C:\Users\Act\AppData\Local\GitHubDesktop\bin;D:\InstalledApps\JetBrains\IntelliJ IDEA Community Edition 2021.3.2\bin;"/>
    <property name="java.io.tmpdir" value="C:\Users\Act\AppData\Local\Temp\"/>
    <property name="APPDATA" value="C:\Users\Act\AppData\Roaming"/>
    <property name="user.language" value="en"/>
    <property name="line.separator" value="&#10;"/>
    <property name="BUILD_URL" value="http://localhost:9191/job/SeleniumAutomation_June2022_afternoonbatch/8/"/>
    <property name="M2_HOME" value="C:\Users\Act\.jenkins\tools\hudson.tasks.Maven_MavenInstallation\maven3"/>
    <property name="ZES_ENABLE_SYSMAN" value="1"/>
    <property name="java.vm.info" value="mixed mode"/>
    <property name="DriverData" value="C:\Windows\System32\Drivers\DriverData"/>
    <property name="sun.desktop" value="windows"/>
    <property name="java.vm.specification.name" value="Java Virtual Machine Specification"/>
    <property name="CI" value="true"/>
    <property name="BUILD_DISPLAY_NAME" value="#8"/>
    <property name="OS" value="Windows_NT"/>
    <property name="guice.disable.misplaced.annotation.check" value="true"/>
    <property name="HUDSON_SERVER_COOKIE" value="15f686def63722da"/>
    <property name="WORKSPACE_TMP" value="C:\Users\Act\eclipse-workspace\IBM-workspace\com.ibm.batchafternoon.Selenium@tmp"/>
    <property name="MAVEN_HOME" value="C:\Users\Act\.jenkins\tools\hudson.tasks.Maven_MavenInstallation\maven3"/>
    <property name="SESSIONNAME" value="Console"/>
    <property name="PATHEXT" value=".COM;.EXE;.BAT;.CMD;.VBS;.VBE;.JS;.JSE;.WSF;.WSH;.MSC"/>
    <property name="java.awt.printerjob" value="sun.awt.windows.WPrinterJob"/>
    <property name="maven3.interceptor.common" value="C:\Users\Act\.jenkins\plugins\maven-plugin\WEB-INF\lib\maven3-interceptor-commons-1.13.jar"/>
    <property name="CLASSPATH" value=""/>
    <property name="jansi.mode" value="strip"/>
    <property name="HOMEPATH" value="\Users\Act"/>
    <property name="OPENSSL_CONF" value="C:\Program Files\PostgreSQL\psqlODBC\etc\openssl.cnf"/>
    <property name="os.name" value="Windows 10"/>
    <property name="java.specification.vendor" value="Oracle Corporation"/>
    <property name="BUILD_NUMBER" value="8"/>
    <property name="java.vm.name" value="Java HotSpot(TM) 64-Bit Server VM"/>
    <property name="maven3.interceptor" value="C:\Users\Act\.jenkins\plugins\maven-plugin\WEB-INF\lib\maven35-interceptor-1.13.jar"/>
    <property name="java.library.path" value="C:\Program Files\Java\jdk-11.0.14\bin;C:\WINDOWS\Sun\Java\bin;C:\WINDOWS\system32;C:\WINDOWS;C:\Users\Act\.jenkins\tools\hudson.tasks.Maven_MavenInstallation\maven3/bin;C:\Program Files\Common Files\Oracle\Java\javapath;D:\InstalledApps\Anaconda3;D:\InstalledApps\Anaconda3\Library\mingw-w64\bin;D:\InstalledApps\Anaconda3\Library\usr\bin;D:\InstalledApps\Anaconda3\Library\bin;D:\InstalledApps\Anaconda3\Scripts;C:\WINDOWS\system32;C:\WINDOWS;C:\WINDOWS\System32\Wbem;C:\WINDOWS\System32\WindowsPowerShell\v1.0\;C:\WINDOWS\System32\OpenSSH\;D:\InstalledApps\nodes\;C:\ProgramData\chocolatey\bin;C:\Python310\;D:\InstalledApps\nodes;C:\Users\Act\AppData\Local\Android\Sdk\platform-tools;C:\Users\Act\AppData\Local\Android\Sdk\tools;C:\Users\Act\AppData\Local\Android\Sdk\tools\bin;C:\Program Files\Java\jdk-11.0.14\bin;C:\Program Files\Git\cmd;C:\Program Files\Git\bin;D:\download_tool\VSCode-win32-x64-1.67.1_latest;C:\Users\Act\AppData\Roaming\npm\node_modules\gauge;D:\download_tool\apache-maven-3.8.6\bin;C:\Program Files\PostgreSQL\11\bin;C:\Program Files\MySQL\MySQL Shell 8.0\bin\;C:\Users\Act\AppData\Local\Microsoft\WindowsApps;C:\Users\Act\AppData\Roaming\npm;C:\Users\Act\AppData\Local\GitHubDesktop\bin;D:\InstalledApps\JetBrains\IntelliJ IDEA Community Edition 2021.3.2\bin;;."/>
    <property name="HOMEDRIVE" value="C:"/>
    <property name="POM_GROUPID" value="com.ibm.batchafternoon"/>
    <property name="POM_ARTIFACTID" value="com.ibm.batchafternoon.Selenium"/>
    <property name="PROJ_LIB" value="C:\Program Files\PostgreSQL\11\share\contrib\postgis-3.2\proj"/>
    <property name="java.class.version" value="55.0"/>
    <property name="JOB_URL" value="http://localhost:9191/job/SeleniumAutomation_June2022_afternoonbatch/"/>
    <property name="GDAL_DATA" value="C:\Program Files\PostgreSQL\11\gdal-data"/>
    <property name="OneDrive" value="C:\Users\Act\OneDrive"/>
    <property name="RUN_DISPLAY_URL" value="http://localhost:9191/job/SeleniumAutomation_June2022_afternoonbatch/8/display/redirect"/>
    <property name="JENKINS_HOME" value="C:\Users\Act\.jenkins"/>
    <property name="BUILD_ID" value="8"/>
    <property name="TEMP" value="C:\Users\Act\AppData\Local\Temp"/>
    <property name="sun.boot.library.path" value="C:\Program Files\Java\jdk-11.0.14\bin"/>
    <property name="sun.management.compiler" value="HotSpot 64-Bit Tiered Compilers"/>
    <property name="java.awt.graphicsenv" value="sun.awt.Win32GraphicsEnvironment"/>
    <property name="user.variant" value=""/>
    <property name="PROCESSOR_REVISION" value="4e03"/>
    <property name="POM_VERSION" value="0.0.1-SNAPSHOT"/>
    <property name="HUDSON_HOME" value="C:\Users\Act\.jenkins"/>
    <property name="ProgramFiles(x86)" value="C:\Program Files (x86)"/>
    <property name="PATH+MAVEN" value="C:\Users\Act\.jenkins\tools\hudson.tasks.Maven_MavenInstallation\maven3/bin"/>
    <property name="USERDOMAIN_ROAMINGPROFILE" value="DESKTOP-H0PI4DT"/>
    <property name="RUN_ARTIFACTS_DISPLAY_URL" value="http://localhost:9191/job/SeleniumAutomation_June2022_afternoonbatch/8/display/redirect?page=artifacts"/>
    <property name="PROMPT" value="$P$G"/>
    <property name="java.vm.specification.version" value="11"/>
    <property name="JAVA_HOME" value="C:\Program Files\Java\jdk-11.0.14"/>
    <property name="awt.toolkit" value="sun.awt.windows.WToolkit"/>
    <property name="NODE_LABELS" value="master"/>
    <property name="sun.cpu.isalist" value="amd64"/>
    <property name="USERPROFILE" value="C:\Users\Act"/>
    <property name="java.vm.compressedOopsMode" value="Zero based"/>
    <property name="JOB_DISPLAY_URL" value="http://localhost:9191/job/SeleniumAutomation_June2022_afternoonbatch/display/redirect"/>
    <property name="os.version" value="10.0"/>
    <property name="user.home" value="C:\Users\Act"/>
    <property name="USERNAME" value="Act"/>
    <property name="java.vm.vendor" value="Oracle Corporation"/>
    <property name="PROCESSOR_LEVEL" value="6"/>
    <property name="CommonProgramW6432" value="C:\Program Files\Common Files"/>
    <property name="user.dir" value="C:\Users\Act\eclipse-workspace\IBM-workspace\com.ibm.batchafternoon.Selenium"/>
    <property name="maven.conf" value="C:\Users\Act\.jenkins\tools\hudson.tasks.Maven_MavenInstallation\maven3\conf"/>
    <property name="ProgramW6432" value="C:\Program Files"/>
    <property name="TMP" value="C:\Users\Act\AppData\Local\Temp"/>
    <property name="sun.cpu.endian" value="little"/>
    <property name="SystemDrive" value="C:"/>
    <property name="java.vm.version" value="11.0.14+8-LTS-263"/>
    <property name="java.class.path" value="C:\Users\Act\.jenkins\plugins\maven-plugin\WEB-INF\lib\maven35-agent-1.13.jar;C:\Users\Act\.jenkins\tools\hudson.tasks.Maven_MavenInstallation\maven3\boot\plexus-classworlds-2.6.0.jar;C:\Users\Act\.jenkins\tools\hudson.tasks.Maven_MavenInstallation\maven3/conf/logging"/>
    <property name="org.slf4j.simpleLogger.defaultLogLevel" value="info"/>
    <property name="os.arch" value="amd64"/>
    <property name="WORKSPACE" value="C:\Users\Act\eclipse-workspace\IBM-workspace\com.ibm.batchafternoon.Selenium"/>
    <property name="ComSpec" value="C:\WINDOWS\system32\cmd.exe"/>
    <property name="RUN_TESTS_DISPLAY_URL" value="http://localhost:9191/job/SeleniumAutomation_June2022_afternoonbatch/8/display/redirect?page=tests"/>
    <property name="sun.java.launcher" value="SUN_STANDARD"/>
    <property name="POSTGIS_GDAL_ENABLED_DRIVERS" value="GTiff PNG JPEG GIF XYZ DTED USGSDEM AAIGrid"/>
    <property name="FPS_BROWSER_APP_PROFILE_STRING" value="Internet Explorer"/>
    <property name="SystemRoot" value="C:\WINDOWS"/>
    <property name="CommonProgramFiles" value="C:\Program Files\Common Files"/>
    <property name="java.vm.specification.vendor" value="Oracle Corporation"/>
    <property name="FPS_BROWSER_USER_PROFILE_STRING" value="Default"/>
    <property name="file.separator" value="\"/>
    <property name="ChocolateyInstall" value="C:\ProgramData\chocolatey"/>
    <property name="java.runtime.version" value="11.0.14+8-LTS-263"/>
    <property name="ProgramFiles" value="C:\Program Files"/>
    <property name="user.country" value="IN"/>
    <property name="POM_PACKAGING" value="jar"/>
    <property name="maven.home" value="C:\Users\Act\.jenkins\tools\hudson.tasks.Maven_MavenInstallation\maven3"/>
    <property name="JOB_BASE_NAME" value="SeleniumAutomation_June2022_afternoonbatch"/>
    <property name="java.vendor.version" value="18.9"/>
    <property name="java.vendor" value="Oracle Corporation"/>
    <property name="java.specification.version" value="11"/>
    <property name="POM_DISPLAYNAME" value="SeleniumAutomation"/>
    <property name="POSTGIS_ENABLE_OUTDB_RASTERS" value="1"/>
    <property name="sun.arch.data.model" value="64"/>
  </properties>
  <testcase name="verifyLoginFeature" classname="tests.LoginTest" time="11.317"/>
</testsuite>