<?xml version="1.0" encoding="UTF-8"?>
<!-- Generated by org.testng.reporters.JUnitReportReporter -->
<testsuite hostname="DESKTOP-H0PI4DT" failures="0" tests="1" name="actionsExample.DragDropExample" time="3.002" errors="0" timestamp="2022-07-08T12:50:02 IST" skipped="0">
  <testcase classname="actionsExample.DragDropExample" name="DragDropTest" time="3.002"/>
</testsuite> <!-- actionsExample.DragDropExample -->
