<?xml version="1.0" encoding="UTF-8"?>
<!-- Generated by org.testng.reporters.JUnitReportReporter -->
<testsuite hostname="DESKTOP-H0PI4DT" failures="0" tests="1" name="actionsExample.DragDropExample3" time="2.148" errors="0" timestamp="2022-07-11T13:33:27 IST" skipped="0">
  <testcase classname="actionsExample.DragDropExample3" name="DragDropTest" time="2.148"/>
</testsuite> <!-- actionsExample.DragDropExample3 -->
