<?xml version="1.0" encoding="UTF-8"?>
<!-- Generated by org.testng.reporters.JUnitReportReporter -->
<testsuite hostname="DESKTOP-H0PI4DT" failures="0" tests="3" name="dataDrivenTest.HRMLoginTest" time="17.614" errors="0" timestamp="2022-07-13T12:23:48 IST" skipped="0">
  <testcase classname="dataDrivenTest.HRMLoginTest" name="verifyLoginDetailsWithIvnValid" time="5.974"/>
  <testcase classname="dataDrivenTest.HRMLoginTest" name="verifyLoginDetailsWithIvnValid" time="5.679"/>
  <testcase classname="dataDrivenTest.HRMLoginTest" name="verifyLoginDetailsWithIvnValid" time="5.961"/>
</testsuite> <!-- dataDrivenTest.HRMLoginTest -->
