<?xml version="1.0" encoding="UTF-8"?>
<!-- Generated by org.testng.reporters.JUnitReportReporter -->
<testsuite hostname="DESKTOP-H0PI4DT" failures="0" tests="1" name="xpathAxisExample.XPATHExample3" time="0.568" errors="0" timestamp="2022-07-12T12:15:25 IST" skipped="0">
  <testcase classname="xpathAxisExample.XPATHExample3" name="XPATHDemoTest" time="0.568"/>
</testsuite> <!-- xpathAxisExample.XPATHExample3 -->
