<?xml version="1.0" encoding="UTF-8"?>
<!-- Generated by org.testng.reporters.JUnitReportReporter -->
<testsuite hostname="DESKTOP-H0PI4DT" failures="0" tests="1" name="actionsExample.PayTMFrameExample" time="9.081" errors="0" timestamp="2022-07-11T13:39:43 IST" skipped="0">
  <testcase classname="actionsExample.PayTMFrameExample" name="payTMTest" time="9.081"/>
</testsuite> <!-- actionsExample.PayTMFrameExample -->
