<?xml version="1.0" encoding="UTF-8"?>
<!-- Generated by org.testng.reporters.JUnitReportReporter -->
<testsuite hostname="DESKTOP-H0PI4DT" failures="0" tests="1" name="javascriptExample.Myntra" time="0.185" errors="0" timestamp="2022-07-11T11:37:44 IST" skipped="0">
  <testcase classname="javascriptExample.Myntra" name="Test1" time="0.185"/>
</testsuite> <!-- javascriptExample.Myntra -->
