<?xml version="1.0" encoding="UTF-8"?>
<!-- Generated by org.testng.reporters.JUnitReportReporter -->
<testsuite hostname="DESKTOP-H0PI4DT" failures="0" tests="1" name="javascriptExample.ModalExample" time="5.189" errors="0" timestamp="2022-07-11T11:46:55 IST" skipped="0">
  <testcase classname="javascriptExample.ModalExample" name="Test1" time="5.189"/>
</testsuite> <!-- javascriptExample.ModalExample -->
