<?xml version="1.0" encoding="UTF-8"?>
<!-- Generated by org.testng.reporters.JUnitReportReporter -->
<testsuite hostname="DESKTOP-H0PI4DT" failures="0" tests="3" name="dataDrivenTest.HRMLoginTest" time="46.040" errors="0" timestamp="2022-07-14T13:42:09 IST" skipped="0">
  <testcase classname="dataDrivenTest.HRMLoginTest" name="verifyLoginDetailsWithIvnValid" time="10.386"/>
  <testcase classname="dataDrivenTest.HRMLoginTest" name="verifyLoginDetailsWithIvnValid" time="25.648"/>
  <testcase classname="dataDrivenTest.HRMLoginTest" name="verifyLoginDetailsWithIvnValid" time="10.006"/>
</testsuite> <!-- dataDrivenTest.HRMLoginTest -->
